01-05 23:09 - INFO - Experiment name: ACL19
01-05 23:09 - INFO - Git SHA: 
01-05 23:09 - INFO - 
01-05 23:09 - INFO - Iter: -1--20, Avg_loss: 2.93, 3.48, 0.19, 3.71, 3.18, LR (0.002000), Best (0)
01-05 23:09 - INFO - Valid: UAS=0.000000, LAS=0.000000
01-05 23:09 - INFO - Test: UAS=0.000000, LAS=0.000000
01-05 23:09 - INFO - 
01-05 23:09 - INFO - Iter: 0-0, Avg_loss: 6.31, 3.09, 4.36, 3.71, 3.18, LR (0.002000), Best (0)
01-05 23:09 - INFO - Valid: UAS=0.118421, LAS=0.026316
01-05 23:09 - INFO - Test: UAS=0.118421, LAS=0.026316
01-05 23:09 - INFO - 
01-05 23:09 - INFO - Iter: 1-20, Avg_loss: 12.29, 2.81, 3.04, 4.97, 2.64, LR (0.001999), Best (0)
01-05 23:09 - INFO - Valid: UAS=0.250000, LAS=0.171053
01-05 23:09 - INFO - Test: UAS=0.250000, LAS=0.171053
01-05 23:09 - INFO - 
01-05 23:09 - INFO - Iter: 2-40, Avg_loss: 9.88, 2.58, 2.68, 4.33, 1.35, LR (0.001997), Best (1)
01-05 23:09 - INFO - Valid: UAS=0.328947, LAS=0.263158
01-05 23:09 - INFO - Test: UAS=0.328947, LAS=0.263158
01-05 23:09 - INFO - 
01-05 23:09 - INFO - Iter: 3-60, Avg_loss: 7.77, 2.4, 2.55, 2.88, 0.93, LR (0.001996), Best (2)
01-05 23:09 - INFO - Valid: UAS=0.276316, LAS=0.236842
01-05 23:09 - INFO - Test: UAS=0.276316, LAS=0.236842
01-05 23:09 - INFO - 
01-05 23:09 - INFO - Iter: 4-80, Avg_loss: 7.18, 2.27, 2.46, 2.61, 0.79, LR (0.001994), Best (2)
01-05 23:09 - INFO - Valid: UAS=0.355263, LAS=0.315789
01-05 23:09 - INFO - Test: UAS=0.355263, LAS=0.315789
01-05 23:09 - INFO - 
01-05 23:09 - INFO - Iter: 5-100, Avg_loss: 6.02, 2.14, 1.92, 2.28, 0.49, LR (0.001993), Best (4)
01-05 23:09 - INFO - Valid: UAS=0.460526, LAS=0.447368
01-05 23:09 - INFO - Test: UAS=0.460526, LAS=0.447368
01-05 23:09 - INFO - 
01-05 23:09 - INFO - Iter: 6-120, Avg_loss: 5.93, 2.02, 1.96, 2.27, 0.48, LR (0.001991), Best (5)
01-05 23:09 - INFO - Valid: UAS=0.539474, LAS=0.539474
01-05 23:09 - INFO - Test: UAS=0.539474, LAS=0.539474
01-05 23:09 - INFO - 
01-05 23:09 - INFO - Iter: 7-140, Avg_loss: 5.82, 1.82, 1.87, 2.51, 0.37, LR (0.001990), Best (6)
01-05 23:09 - INFO - Valid: UAS=0.500000, LAS=0.500000
01-05 23:09 - INFO - Test: UAS=0.500000, LAS=0.500000
01-05 23:09 - INFO - 
01-05 23:09 - INFO - Iter: 8-160, Avg_loss: 5.11, 1.79, 1.69, 2.0, 0.33, LR (0.001989), Best (6)
01-05 23:09 - INFO - Valid: UAS=0.657895, LAS=0.657895
01-05 23:09 - INFO - Test: UAS=0.657895, LAS=0.657895
01-05 23:09 - INFO - 
01-05 23:09 - INFO - Iter: 9-180, Avg_loss: 4.47, 1.56, 1.41, 1.78, 0.32, LR (0.001987), Best (8)
01-05 23:09 - INFO - Valid: UAS=0.736842, LAS=0.736842
01-05 23:09 - INFO - Test: UAS=0.736842, LAS=0.736842
01-05 23:09 - INFO - 
01-05 23:09 - INFO - Iter: 10-200, Avg_loss: 4.34, 1.49, 1.38, 1.74, 0.3, LR (0.001986), Best (9)
01-05 23:09 - INFO - Valid: UAS=0.776316, LAS=0.776316
01-05 23:09 - INFO - Test: UAS=0.776316, LAS=0.776316
01-05 23:09 - INFO - 
01-05 23:09 - INFO - Iter: 11-220, Avg_loss: 3.89, 1.35, 1.26, 1.53, 0.28, LR (0.001984), Best (10)
01-05 23:09 - INFO - Valid: UAS=0.842105, LAS=0.828947
01-05 23:09 - INFO - Test: UAS=0.842105, LAS=0.828947
01-05 23:09 - INFO - 
01-05 23:09 - INFO - Iter: 12-240, Avg_loss: 3.5, 1.29, 1.13, 1.33, 0.23, LR (0.001983), Best (11)
01-05 23:09 - INFO - Valid: UAS=0.815789, LAS=0.815789
01-05 23:09 - INFO - Test: UAS=0.815789, LAS=0.815789
01-05 23:09 - INFO - 
01-05 23:09 - INFO - Iter: 13-260, Avg_loss: 2.84, 1.06, 0.9, 1.12, 0.16, LR (0.001981), Best (11)
01-05 23:09 - INFO - Valid: UAS=0.934211, LAS=0.934211
01-05 23:10 - INFO - Test: UAS=0.934211, LAS=0.934211
01-05 23:10 - INFO - 
01-05 23:10 - INFO - Iter: 14-280, Avg_loss: 2.95, 0.94, 0.94, 1.27, 0.17, LR (0.001980), Best (13)
01-05 23:10 - INFO - Valid: UAS=0.802632, LAS=0.802632
01-05 23:10 - INFO - Test: UAS=0.802632, LAS=0.802632
01-05 23:10 - INFO - 
01-05 23:10 - INFO - Iter: 15-300, Avg_loss: 3.53, 1.14, 1.07, 1.51, 0.25, LR (0.001979), Best (13)
01-05 23:10 - INFO - Valid: UAS=0.934211, LAS=0.934211
01-05 23:10 - INFO - Test: UAS=0.934211, LAS=0.934211
01-05 23:10 - INFO - 
01-05 23:10 - INFO - Iter: 16-320, Avg_loss: 2.84, 1.0, 0.83, 1.27, 0.11, LR (0.001977), Best (13)
01-05 23:10 - INFO - Valid: UAS=0.921053, LAS=0.921053
01-05 23:10 - INFO - Test: UAS=0.921053, LAS=0.921053
01-05 23:10 - INFO - 
01-05 23:10 - INFO - Iter: 17-340, Avg_loss: 2.54, 0.95, 0.85, 0.96, 0.14, LR (0.001976), Best (13)
01-05 23:10 - INFO - Valid: UAS=0.802632, LAS=0.802632
01-05 23:10 - INFO - Test: UAS=0.802632, LAS=0.802632
01-05 23:10 - INFO - 
01-05 23:10 - INFO - Iter: 18-360, Avg_loss: 2.45, 0.92, 0.82, 0.88, 0.17, LR (0.001974), Best (13)
01-05 23:10 - INFO - Valid: UAS=0.934211, LAS=0.934211
01-05 23:10 - INFO - Test: UAS=0.934211, LAS=0.934211
01-05 23:10 - INFO - 
01-05 23:10 - INFO - Iter: 19-380, Avg_loss: 2.11, 0.79, 0.65, 0.86, 0.1, LR (0.001973), Best (13)
01-05 23:10 - INFO - Valid: UAS=0.973684, LAS=0.973684
01-05 23:10 - INFO - Test: UAS=0.973684, LAS=0.973684
01-05 23:10 - INFO - 
01-05 23:10 - INFO - Iter: 20-400, Avg_loss: 2.41, 0.77, 0.69, 1.04, 0.2, LR (0.001971), Best (19)
01-05 23:10 - INFO - Valid: UAS=1.000000, LAS=1.000000
01-05 23:10 - INFO - Test: UAS=1.000000, LAS=1.000000
01-05 23:10 - INFO - Best Results: UAS: 1.000000, LAS: 1.000000
01-05 23:10 - INFO - Test: UAS=1.000000, LAS=1.000000
